This is e-pTeX, Version 3.1415926-p3.4-110825-2.6 (utf8.euc) (TeX Live 2013) (format=platex 2014.6.13)  4 JUL 2014 03:02
entering extended mode
 restricted \write18 enabled.
 %&-line parsing enabled.
**report.tex
(./report.tex
pLaTeX2e <2006/11/10> (based on LaTeX2e <2011/06/27> patch level 0)
Babel <3.9f> and hyphenation patterns for 78 languages loaded.
(/usr/local/texlive/2013/texmf-dist/tex/platex/base/jarticle.cls
Document Class: jarticle 2006/06/27 v1.6 Standard pLaTeX class
\c@@paper=\count81
(/usr/local/texlive/2013/texmf-dist/tex/platex/base/jsize10.clo
File: jsize10.clo 2006/06/27 v1.6 Standard pLaTeX file (size option)
)
\c@part=\count82
\c@section=\count83
\c@subsection=\count84
\c@subsubsection=\count85
\c@paragraph=\count86
\c@subparagraph=\count87
\c@figure=\count88
\c@table=\count89
\abovecaptionskip=\skip41
\belowcaptionskip=\skip42
\symmincho=\mathgroup4
LaTeX Font Info:    Overwriting symbol font `mincho' in version `bold'
(Font)                  JY1/mc/m/n --> JY1/gt/m/n on input line 601.
\toclineskip=\dimen118
\@lnumwidth=\dimen119
\bibindent=\dimen120
\heisei=\count90
)
(/usr/local/texlive/2013/texmf-dist/tex/latex/geometry/geometry.sty
Package: geometry 2010/09/12 v5.6 Page Geometry

(/usr/local/texlive/2013/texmf-dist/tex/latex/graphics/keyval.sty
Package: keyval 1999/03/16 v1.13 key=value parser (DPC)
\KV@toks@=\toks15
)
(/usr/local/texlive/2013/texmf-dist/tex/generic/oberdiek/ifpdf.sty
Package: ifpdf 2011/01/30 v2.3 Provides the ifpdf switch (HO)
Package ifpdf Info: pdfTeX in PDF mode is not detected.
)
(/usr/local/texlive/2013/texmf-dist/tex/generic/oberdiek/ifvtex.sty
Package: ifvtex 2010/03/01 v1.5 Detect VTeX and its facilities (HO)
Package ifvtex Info: VTeX not detected.
)
(/usr/local/texlive/2013/texmf-dist/tex/generic/ifxetex/ifxetex.sty
Package: ifxetex 2010/09/12 v0.6 Provides ifxetex conditional
)
\Gm@cnth=\count91
\Gm@cntv=\count92
\c@Gm@tempcnt=\count93
\Gm@bindingoffset=\dimen121
\Gm@wd@mp=\dimen122
\Gm@odd@mp=\dimen123
\Gm@even@mp=\dimen124
\Gm@layoutwidth=\dimen125
\Gm@layoutheight=\dimen126
\Gm@layouthoffset=\dimen127
\Gm@layoutvoffset=\dimen128
\Gm@dimlist=\toks16
)
(/usr/local/texlive/2013/texmf-dist/tex/latex/url/url.sty
\Urlmuskip=\muskip10
Package: url 2006/04/12  ver 3.3  Verb mode for urls, etc.
)
(/usr/local/texlive/2013/texmf-dist/tex/latex/graphics/graphicx.sty
Package: graphicx 1999/02/16 v1.0f Enhanced LaTeX Graphics (DPC,SPQR)

(/usr/local/texlive/2013/texmf-dist/tex/latex/graphics/graphics.sty
Package: graphics 2009/02/05 v1.0o Standard LaTeX Graphics (DPC,SPQR)

(/usr/local/texlive/2013/texmf-dist/tex/latex/graphics/trig.sty
Package: trig 1999/03/16 v1.09 sin cos tan (DPC)
)
(/usr/local/texlive/2013/texmf-dist/tex/latex/latexconfig/graphics.cfg
File: graphics.cfg 2010/04/23 v1.9 graphics configuration of TeX Live
)
Package graphics Info: Driver file: dvips.def on input line 91.

(/usr/local/texlive/2013/texmf-dist/tex/latex/graphics/dvips.def
File: dvips.def 1999/02/16 v3.0i Driver-dependant file (DPC,SPQR)
))
\Gin@req@height=\dimen129
\Gin@req@width=\dimen130
)
(/usr/local/texlive/2013/texmf-dist/tex/latex/amsfonts/amssymb.sty
Package: amssymb 2013/01/14 v3.01 AMS font symbols

(/usr/local/texlive/2013/texmf-dist/tex/latex/amsfonts/amsfonts.sty
Package: amsfonts 2013/01/14 v3.01 Basic AMSFonts support
\@emptytoks=\toks17
\symAMSa=\mathgroup5
\symAMSb=\mathgroup6
LaTeX Font Info:    Overwriting math alphabet `\mathfrak' in version `bold'
(Font)                  U/euf/m/n --> U/euf/b/n on input line 106.
))
(./report.aux)
\openout1 = `report.aux'.

LaTeX Font Info:    Checking defaults for OML/cmm/m/it on input line 17.
LaTeX Font Info:    ... okay on input line 17.
LaTeX Font Info:    Checking defaults for T1/cmr/m/n on input line 17.
LaTeX Font Info:    ... okay on input line 17.
LaTeX Font Info:    Checking defaults for OT1/cmr/m/n on input line 17.
LaTeX Font Info:    ... okay on input line 17.
LaTeX Font Info:    Checking defaults for OMS/cmsy/m/n on input line 17.
LaTeX Font Info:    ... okay on input line 17.
LaTeX Font Info:    Checking defaults for OMX/cmex/m/n on input line 17.
LaTeX Font Info:    ... okay on input line 17.
LaTeX Font Info:    Checking defaults for U/cmr/m/n on input line 17.
LaTeX Font Info:    ... okay on input line 17.
LaTeX Font Info:    Checking defaults for JY1/mc/m/n on input line 17.
LaTeX Font Info:    ... okay on input line 17.
LaTeX Font Info:    Checking defaults for JT1/mc/m/n on input line 17.
LaTeX Font Info:    ... okay on input line 17.

*geometry* driver: auto-detecting
*geometry* detected driver: dvips
*geometry* verbose mode - [ preamble ] result:
* driver: dvips
* paper: letterpaper
* layout: <same size as paper>
* layoutoffset:(h,v)=(0.0pt,0.0pt)
* modes: 
* h-part:(L,W,R)=(71.13188pt, 472.03123pt, 71.13188pt)
* v-part:(T,H,B)=(85.35826pt, 624.25346pt, 85.35826pt)
* \paperwidth=614.295pt
* \paperheight=794.96999pt
* \textwidth=472.03123pt
* \textheight=624.25346pt
* \oddsidemargin=-1.1381pt
* \evensidemargin=-1.1381pt
* \topmargin=-23.91173pt
* \headheight=12.0pt
* \headsep=25.0pt
* \topskip=7.77588pt
* \footskip=30.0pt
* \marginparwidth=43.0pt
* \marginparsep=10.0pt
* \columnsep=10.0pt
* \skip\footins=9.0pt plus 4.0pt minus 2.0pt
* \hoffset=0.0pt
* \voffset=0.0pt
* \mag=1000
* \@twocolumntrue
* \@twosidefalse
* \@mparswitchfalse
* \@reversemarginfalse
* (1in=72.27pt=25.4mm, 1cm=28.453pt)

LaTeX Font Info:    Try loading font information for U+msa on input line 18.
(/usr/local/texlive/2013/texmf-dist/tex/latex/amsfonts/umsa.fd
File: umsa.fd 2013/01/14 v3.01 AMS symbols A
)
LaTeX Font Info:    Try loading font information for U+msb on input line 18.

(/usr/local/texlive/2013/texmf-dist/tex/latex/amsfonts/umsb.fd
File: umsb.fd 2013/01/14 v3.01 AMS symbols B
)
LaTeX Font Info:    Font shape `JT1/mc/bx/n' in size <10> not available
(Font)              Font shape `JT1/gt/m/n' tried instead on input line 21.
LaTeX Font Info:    Font shape `JY1/mc/bx/n' in size <10> not available
(Font)              Font shape `JY1/gt/m/n' tried instead on input line 21.
 [1


] [2]
LaTeX Font Info:    Font shape `JT1/mc/bx/n' in size <14.4> not available
(Font)              Font shape `JT1/gt/m/n' tried instead on input line 172.
LaTeX Font Info:    Font shape `JY1/mc/bx/n' in size <14.4> not available
(Font)              Font shape `JY1/gt/m/n' tried instead on input line 172.

Underfull \hbox (badness 10000) in paragraph at lines 175--176
[]$\OT1/cmtt/m/n/10 http : / / msdn . microsoft . com / ja-[]jp / library /
 []


Underfull \hbox (badness 10000) in paragraph at lines 176--177
[]$\OT1/cmtt/m/n/10 http : / / homepage3 . nifty . com / owl _ h0h0 / unix /
 []


Underfull \hbox (badness 2050) in paragraph at lines 177--178
[]$\OT1/cmtt/m/n/10 http : / / ja . wikipedia . org / wiki / \JY1/mc/m/n/10 タ
イムスライ
 []


Underfull \hbox (badness 10000) in paragraph at lines 179--180
[]$\OT1/cmtt/m/n/10 http : / / e-[]words . jp / w /
 []


Underfull \hbox (badness 10000) in paragraph at lines 183--184
[]$\OT1/cmtt/m/n/10 http : / / e-[]words . jp / w /
 []


Overfull \hbox (10.28801pt too wide) in paragraph at lines 183--184
\OT1/cmtt/m/n/10 E382B9E383ACE38383E38389E382BBE383BCE38395 .
 []


Underfull \hbox (badness 10000) in paragraph at lines 186--188
[]$\OT1/cmtt/m/n/10 http : / / e-[]words . jp / w /
 []


Underfull \hbox (badness 10000) in paragraph at lines 186--188
\OT1/cmtt/m/n/10 E382AFE383ADE382B9E38 \
 []

[3]
Underfull \hbox (badness 10000) in paragraph at lines 188--189
[]$\OT1/cmtt/m/n/10 http : / / www . atmarkit . co . jp / news / 200311 /
 []


Underfull \hbox (badness 10000) in paragraph at lines 192--194
[]$\OT1/cmtt/m/n/10 http : / / e-[]words . jp / w /
 []


Underfull \hbox (badness 10000) in paragraph at lines 192--194
\OT1/cmtt/m/n/10 E38395E383A9E382B0E383A1E \
 []


Underfull \hbox (badness 10000) in paragraph at lines 195--196
[]$\OT1/cmtt/m/n/10 http : / / e-[]words . jp / w /
 []


Underfull \hbox (badness 10000) in paragraph at lines 196--197
[]$\OT1/cmtt/m/n/10 http : / / e-[]words . jp / w /
 []


Underfull \hbox (badness 10000) in paragraph at lines 197--198
[]$\OT1/cmtt/m/n/10 http : / / www . atmarkit . co . jp / aig /
 []


Underfull \hbox (badness 10000) in paragraph at lines 198--199
[]$\OT1/cmtt/m/n/10 http : / / www . atmarkit . co . jp / aig /
 []


Underfull \hbox (badness 10000) in paragraph at lines 202--203
[]$\OT1/cmtt/m/n/10 http : / / ja . wikipedia . org / wiki / Server _
 []


Underfull \hbox (badness 10000) in paragraph at lines 204--205
[]$\OT1/cmtt/m/n/10 http : / / itpro . nibp . co . jp / article / Keyword /
 []


Underfull \hbox (badness 10000) in paragraph at lines 206--207
[]$\OT1/cmtt/m/n/10 http : / / itpro . nibp . co . jp / article / Keyword /
 []


Underfull \hbox (badness 10000) in paragraph at lines 207--208
[]$\OT1/cmtt/m/n/10 http : / / itpro . nibp . co . jp / article / Keyword /
 []


Underfull \hbox (badness 10000) in paragraph at lines 210--211
[]$\OT1/cmtt/m/n/10 http : / / e-[]words . jp / w /
 []


Underfull \hbox (badness 10000) in paragraph at lines 212--213
[]$\OT1/cmtt/m/n/10 http : / / www . oidon . net / linux /
 []


Underfull \hbox (badness 10000) in paragraph at lines 213--214
[]$\OT1/cmtt/m/n/10 http : / / ja . wikipedia . org / wiki / GNU _
 []


Underfull \hbox (badness 10000) in paragraph at lines 215--216
[]$\OT1/cmtt/m/n/10 http : / / e-[]words . jp / w /
 []


Overfull \hbox (41.78773pt too wide) in paragraph at lines 215--216
\OT1/cmtt/m/n/10 E3839EE382A4E382AFE383ADE382ABE383BCE3838DE383AB .
 []


Underfull \hbox (badness 10000) in paragraph at lines 216--217
[]$\OT1/cmtt/m/n/10 http : / / ja . wikipedia . org / wiki / Hardware _
 []

[4] (./report.aux) ) 
Here is how much of TeX's memory you used:
 1514 strings out of 494008
 19324 string characters out of 6154472
 86774 words of memory out of 5000000
 4982 multiletter control sequences out of 15000+600000
 17185 words of font info for 70 fonts, out of 8000000 for 9000
 745 hyphenation exceptions out of 8191
 25i,7n,26p,203b,303s stack positions out of 5000i,500n,10000p,200000b,80000s

Output written on report.dvi (4 pages, 18352 bytes).
